
> taskbox@0.2.0 build-storybook
> ng run taskbox:build-storybook --output-dir C:\Users\lenovo\AppData\Local\Temp\chromatic--6068-cgEp5BmjSf3r

[0m
[0m [0m [0m [0m [0m [0m [0m [0m [0m [0m [0m [0m [0m [0m [0m [0m [0m [0m [0m [0m [0m [0m [0m [0m [0m [0m [0m [0m [0m [0m [0m [0m [0m [0m [0m [0m [0m [0m [0m [0m [0m [0m [0m [0m [0m [0m [0m [0m [0m [0m [0m [0m [0m [0m [0m [0m [0m [0m [0m [48;5;255m [48;5;255m [0m [0m [0m [0m [0m [0m [0m [0m [0m [0m [0m [0m
[0m [0m [0m [0m [0m [0m [0m [0m [0m [0m [0m [0m [0m [0m [0m [0m [0m [0m [0m [0m [0m [0m [0m [0m [0m [0m [0m [0m [0m [0m [0m [0m [0m [0m [0m [0m [0m [0m [0m [0m [0m [0m [0m [0m [0m [0m [0m [0m [0m [0m [0m [0m [0m [0m [0m [0m [0m [0m [0m [48;5;255m [48;5;255m [0m [0m [0m [0m [0m [0m [0m [0m [0m [0m [0m [0m
[0m [0m [0m [0m [0m [0m [0m [0m [0m [0m [0m [0m [0m [0m [0m [0m [0m [0m [0m [0m [0m [0m [0m [0m [0m [0m [0m [0m [0m [0m [0m [0m [0m [0m [0m [0m [0m [0m [0m [0m [0m [0m [0m [0m [0m [0m [0m [0m [0m [0m [0m [0m [0m [0m [0m [0m [0m [0m [0m [48;5;255m [48;5;255m [0m [0m [0m [0m [0m [0m [0m [0m [0m [0m [0m [0m
[48;5;255m [48;5;255m [48;5;255m [48;5;255m [48;5;255m [48;5;255m [48;5;255m [0m [0m [48;5;255m [48;5;255m [48;5;255m [48;5;255m [48;5;255m [48;5;255m [48;5;255m [48;5;255m [0m [0m [48;5;255m [48;5;255m [48;5;255m [48;5;255m [48;5;255m [48;5;255m [48;5;255m [48;5;255m [48;5;255m [48;5;255m [48;5;255m [48;5;255m [0m [0m [48;5;255m [48;5;255m [48;5;255m [48;5;255m [48;5;255m [48;5;255m [48;5;255m [48;5;255m [0m [0m [48;5;255m [48;5;255m [48;5;255m [48;5;255m [48;5;255m [48;5;255m [48;5;255m [48;5;255m [0m [0m [48;5;255m [48;5;255m [48;5;255m [48;5;255m [48;5;255m [48;5;255m [48;5;255m [48;5;255m [0m [0m [48;5;255m [48;5;255m [48;5;255m [48;5;255m [48;5;255m [48;5;255m [48;5;255m [48;5;255m [0m [0m [48;5;255m [48;5;255m [48;5;255m [48;5;255m [48;5;255m [48;5;255m [48;5;255m [48;5;255m [0m
[48;5;255m [48;5;255m [0m [0m [0m [0m [0m [0m [0m [48;5;255m [48;5;255m [0m [0m [0m [0m [48;5;255m [48;5;255m [0m [0m [48;5;255m [48;5;255m [0m [0m [0m [48;5;255m [48;5;255m [0m [0m [0m [48;5;255m [48;5;255m [0m [0m [48;5;255m [48;5;255m [0m [0m [0m [0m [48;5;255m [48;5;255m [0m [0m [48;5;255m [48;5;255m [0m [0m [0m [0m [48;5;255m [48;5;255m [0m [0m [48;5;255m [48;5;255m [0m [0m [0m [0m [48;5;255m [48;5;255m [0m [0m [48;5;255m [48;5;255m [0m [0m [0m [0m [48;5;255m [48;5;255m [0m [0m [48;5;255m [48;5;255m [0m
[48;5;255m [48;5;255m [0m [0m [0m [0m [0m [0m [0m [48;5;255m [48;5;255m [0m [0m [0m [0m [48;5;255m [48;5;255m [0m [0m [48;5;255m [48;5;255m [0m [0m [0m [48;5;255m [48;5;255m [0m [0m [0m [48;5;255m [48;5;255m [0m [0m [48;5;255m [48;5;255m [0m [0m [0m [0m [48;5;255m [48;5;255m [0m [0m [48;5;255m [48;5;255m [0m [0m [0m [0m [48;5;255m [48;5;255m [0m [0m [48;5;255m [48;5;255m [0m [0m [0m [0m [48;5;255m [48;5;255m [0m [0m [48;5;255m [48;5;255m [0m [0m [0m [0m [48;5;255m [48;5;255m [0m [0m [48;5;255m [48;5;255m [0m
[48;5;255m [48;5;255m [0m [0m [0m [0m [0m [0m [0m [48;5;255m [48;5;255m [0m [0m [0m [0m [48;5;255m [48;5;255m [0m [0m [48;5;255m [48;5;255m [0m [0m [0m [48;5;255m [48;5;255m [0m [0m [0m [48;5;255m [48;5;255m [0m [0m [48;5;255m [48;5;255m [0m [0m [0m [0m [48;5;255m [48;5;255m [0m [0m [48;5;255m [48;5;255m [0m [0m [0m [0m [48;5;255m [48;5;255m [0m [0m [48;5;255m [48;5;255m [0m [0m [0m [0m [48;5;255m [48;5;255m [0m [0m [48;5;255m [48;5;255m [0m [0m [0m [0m [48;5;255m [48;5;255m [0m [0m [48;5;255m [48;5;255m [0m
[48;5;255m [48;5;255m [48;5;255m [48;5;255m [48;5;255m [48;5;255m [48;5;255m [0m [0m [48;5;255m [48;5;255m [48;5;255m [48;5;255m [48;5;255m [48;5;255m [48;5;255m [48;5;255m [0m [0m [48;5;255m [48;5;255m [0m [0m [0m [48;5;255m [48;5;255m [0m [0m [0m [48;5;255m [48;5;255m [0m [0m [48;5;255m [48;5;255m [48;5;255m [48;5;255m [48;5;255m [48;5;255m [48;5;255m [48;5;255m [0m [0m [48;5;255m [48;5;255m [48;5;255m [48;5;255m [48;5;255m [48;5;255m [48;5;255m [48;5;255m [0m [0m [48;5;255m [48;5;255m [48;5;255m [48;5;255m [48;5;255m [48;5;255m [48;5;255m [48;5;255m [0m [0m [48;5;255m [48;5;255m [48;5;255m [48;5;255m [48;5;255m [48;5;255m [48;5;255m [48;5;255m [0m [0m [48;5;255m [48;5;255m [48;5;255m [48;5;255m [48;5;255m [48;5;255m [48;5;255m [48;5;255m [0m
[0m [0m [0m [0m [0m [0m [0m [0m [0m [0m [0m [0m [0m [0m [0m [0m [0m [0m [0m [0m [0m [0m [0m [0m [0m [0m [0m [0m [0m [0m [0m [0m [0m [48;5;255m [48;5;255m [0m [0m [0m [0m [0m [0m [0m [0m [0m [0m [0m [0m
[0m [0m [0m [0m [0m [0m [0m [0m [0m [0m [0m [0m [0m [0m [0m [0m [0m [0m [0m [0m [0m [0m [0m [0m [0m [0m [0m [0m [0m [0m [0m [0m [0m [48;5;255m [48;5;255m [0m [0m [0m [0m [0m [0m [0m [0m [0m [0m [0m [0m
[0m [0m [0m [0m [0m [0m [0m [0m [0m [0m [0m [0m [0m [0m [0m [0m [0m [0m [0m [0m [0m [0m [0m [0m [0m [0m [0m [0m [0m [0m [0m [0m [0m [48;5;255m [48;5;255m [0m [0m [0m [0m [0m [0m [0m [0m [0m [0m [0m [0m

1.1.19

TypeScript version used by Compodoc : 4.5.5

TypeScript version of current project : 4.9.4

Node.js version : v18.18.1

Operating system : Windows 10

[19:09:38] No configuration file found, switching to CLI flags.
[19:09:38] Using tsconfig file : E:\work\git\Storybook\taskbox\.storybook\tsconfig.json
[19:09:38] Excluding      : E:\work\git\Storybook\taskbox\jest-global-mocks.ts
[19:09:38] Excluding      : E:\work\git\Storybook\taskbox\setup-jest.ts
[19:09:38] Excluding      : E:\work\git\Storybook\taskbox\.storybook\main.ts
[19:09:38] Including      : E:\work\git\Storybook\taskbox\.storybook\preview.ts
[19:09:38] Ignoring       : E:\work\git\Storybook\taskbox\.storybook\typings.d.ts
[19:09:38] Including      : E:\work\git\Storybook\taskbox\src\main.ts
[19:09:38] Including      : E:\work\git\Storybook\taskbox\src\polyfills.ts
[19:09:38] Ignoring       : E:\work\git\Storybook\taskbox\src\app\app.component.spec.ts
[19:09:38] Including      : E:\work\git\Storybook\taskbox\src\app\app.component.ts
[19:09:38] Including      : E:\work\git\Storybook\taskbox\src\app\app.module.ts
[19:09:38] Including      : E:\work\git\Storybook\taskbox\src\environments\environment.prod.ts
[19:09:38] Including      : E:\work\git\Storybook\taskbox\src\environments\environment.ts
[19:09:38] Including      : E:\work\git\Storybook\taskbox\src\stories\button.component.ts
[19:09:38] Including      : E:\work\git\Storybook\taskbox\src\stories\Button.stories.ts
[19:09:38] Including      : E:\work\git\Storybook\taskbox\src\stories\header.component.ts
[19:09:38] Including      : E:\work\git\Storybook\taskbox\src\stories\Header.stories.ts
[19:09:38] Including      : E:\work\git\Storybook\taskbox\src\stories\page.component.ts
[19:09:38] Including      : E:\work\git\Storybook\taskbox\src\stories\Page.stories.ts
[19:09:38] Including      : E:\work\git\Storybook\taskbox\src\stories\User.ts
[19:09:38] Including      : E:\work\git\Storybook\taskbox\src\app\components\inbox-screen.component.ts
[19:09:38] Including      : E:\work\git\Storybook\taskbox\src\app\components\pure-inbox-screen.component.ts
[19:09:38] Including      : E:\work\git\Storybook\taskbox\src\app\components\pure-inbox-screen.stories.ts
[19:09:38] Including      : E:\work\git\Storybook\taskbox\src\app\components\pure-task-list.component.ts
[19:09:38] Including      : E:\work\git\Storybook\taskbox\src\app\components\pure-task-list.stories.ts
[19:09:38] Including      : E:\work\git\Storybook\taskbox\src\app\components\task-list.component.ts
[19:09:38] Including      : E:\work\git\Storybook\taskbox\src\app\components\task-list.stories.ts
[19:09:38] Including      : E:\work\git\Storybook\taskbox\src\app\components\task.component.ts
[19:09:38] Including      : E:\work\git\Storybook\taskbox\src\app\components\task.module.ts
[19:09:38] Including      : E:\work\git\Storybook\taskbox\src\app\components\task.stories.ts
[19:09:38] Including      : E:\work\git\Storybook\taskbox\src\app\models\task.model.ts
[19:09:38] Including      : E:\work\git\Storybook\taskbox\src\app\state\task.state.ts
[19:09:39] Searching package.json file
[19:09:39] package.json file found
[19:09:39] Processing package.json dependencies
[19:09:39] Searching README.md, CHANGELOG.md, CONTRIBUTING.md, LICENSE.md, TODO.md files
[19:09:39] README.md file found
[19:09:39] Error during E:\work\git\Storybook\taskbox\CHANGELOG read
[19:09:39] Continuing without CHANGELOG.md file
[19:09:39] Error during E:\work\git\Storybook\taskbox\CONTRIBUTING read
[19:09:39] Continuing without CONTRIBUTING.md file
[19:09:39] LICENSE.md file found
[19:09:39] Error during E:\work\git\Storybook\taskbox\TODO read
[19:09:39] Continuing without TODO.md file
[19:09:39] Get dependencies data
[19:09:39] parsing        : E:/work/git/Storybook/taskbox/.storybook/preview.ts
[19:09:39] found          : preview
[19:09:39] parsing        : E:/work/git/Storybook/taskbox/src/main.ts
[19:09:39] found          : config
[19:09:39] parsing        : E:/work/git/Storybook/taskbox/src/polyfills.ts
[19:09:39] parsing        : E:/work/git/Storybook/taskbox/src/app/app.component.ts
[19:09:39] found          : AppComponent
[19:09:39] parsing        : E:/work/git/Storybook/taskbox/src/app/app.module.ts
[19:09:39] found          : AppModule
[19:09:39]                : - imports:
[19:09:39]                : 	- BrowserModule
[19:09:39]                : 	- TaskModule
[19:09:39]                : 	- NgxsModule
[19:09:39]                : 	- NgxsReduxDevtoolsPluginModule
[19:09:39]                : 	- NgxsLoggerPluginModule
[19:09:39]                : - declarations:
[19:09:39]                : 	- AppComponent
[19:09:39]                : 	- InboxScreenComponent
[19:09:39]                : 	- PureInboxScreenComponent
[19:09:39]                : - bootstrap:
[19:09:39]                : 	- AppComponent
[19:09:39] parsing        : E:/work/git/Storybook/taskbox/src/environments/environment.prod.ts
[19:09:39] found          : environment
[19:09:39] parsing        : E:/work/git/Storybook/taskbox/src/environments/environment.ts
[19:09:39] found          : environment
[19:09:39] parsing        : E:/work/git/Storybook/taskbox/src/stories/button.component.ts
[19:09:39] found          : ButtonComponent
[19:09:39] parsing        : E:/work/git/Storybook/taskbox/src/stories/Button.stories.ts
[19:09:39] found          : meta
[19:09:39] found          : Story
[19:09:39] found          : Primary
[19:09:39] found          : Secondary
[19:09:39] found          : Large
[19:09:39] found          : Small
[19:09:39] parsing        : E:/work/git/Storybook/taskbox/src/stories/header.component.ts
[19:09:39] found          : HeaderComponent
[19:09:39] parsing        : E:/work/git/Storybook/taskbox/src/stories/Header.stories.ts
[19:09:39] found          : meta
[19:09:39] found          : Story
[19:09:39] found          : LoggedIn
[19:09:39] found          : LoggedOut
[19:09:39] parsing        : E:/work/git/Storybook/taskbox/src/stories/page.component.ts
[19:09:39] found          : PageComponent
[19:09:39] parsing        : E:/work/git/Storybook/taskbox/src/stories/Page.stories.ts
[19:09:39] found          : meta
[19:09:39] found          : Story
[19:09:39] found          : LoggedOut
[19:09:39] found          : LoggedIn
[19:09:39] parsing        : E:/work/git/Storybook/taskbox/src/stories/User.ts
[19:09:39] found          : User
[19:09:39] parsing        : E:/work/git/Storybook/taskbox/src/app/components/inbox-screen.component.ts
[19:09:39] found          : InboxScreenComponent
[19:09:39] parsing        : E:/work/git/Storybook/taskbox/src/app/components/pure-inbox-screen.component.ts
[19:09:39] found          : PureInboxScreenComponent
[19:09:39] parsing        : E:/work/git/Storybook/taskbox/src/app/components/pure-inbox-screen.stories.ts
[19:09:39] found          : meta
[19:09:39] found          : Story
[19:09:39] found          : Default
[19:09:39] found          : Error
[19:09:39] found          : WithInteractions
[19:09:39] parsing        : E:/work/git/Storybook/taskbox/src/app/components/pure-task-list.component.ts
[19:09:39] found          : PureTaskListComponent
[19:09:39] parsing        : E:/work/git/Storybook/taskbox/src/app/components/pure-task-list.stories.ts
[19:09:39] found          : meta
[19:09:39] found          : Story
[19:09:39] found          : Default
[19:09:39] found          : WithPinnedTasks
[19:09:39] found          : Loading
[19:09:39] found          : Empty
[19:09:39] parsing        : E:/work/git/Storybook/taskbox/src/app/components/task-list.component.ts
[19:09:39] found          : TaskListComponent
[19:09:39] parsing        : E:/work/git/Storybook/taskbox/src/app/components/task-list.stories.ts
[19:09:39] found          : meta
[19:09:39] found          : Story
[19:09:39] parsing        : E:/work/git/Storybook/taskbox/src/app/components/task.component.ts
[19:09:39] found          : TaskComponent
[19:09:39] parsing        : E:/work/git/Storybook/taskbox/src/app/components/task.module.ts
[19:09:39] found          : TaskModule
[19:09:39]                : - imports:
[19:09:39]                : 	- CommonModule
[19:09:39]                : 	- NgxsModule
[19:09:39]                : - exports:
[19:09:39]                : 	- TaskComponent
[19:09:39]                : 	- TaskListComponent
[19:09:39]                : - declarations:
[19:09:39]                : 	- TaskComponent
[19:09:39]                : 	- TaskListComponent
[19:09:39]                : 	- PureTaskListComponent
[19:09:39] parsing        : E:/work/git/Storybook/taskbox/src/app/components/task.stories.ts
[19:09:39] found          : actionsData
[19:09:39] found          : meta
[19:09:39] found          : Story
[19:09:39] found          : Default
[19:09:39] found          : Pinned
[19:09:39] found          : Archived
[19:09:39] parsing        : E:/work/git/Storybook/taskbox/src/app/models/task.model.ts
[19:09:39] found          : Task
[19:09:39] parsing        : E:/work/git/Storybook/taskbox/src/app/state/task.state.ts
[19:09:39] found          : actions
[19:09:39] found          : ArchiveTask
[19:09:39] found          : PinTask
[19:09:39] found          : AppError
[19:09:39] found          : defaultTasks
[19:09:39] found          : TaskStateModel
[19:09:39] found          : TasksState
[19:09:39] -------------------
[19:09:39] Project statistics 
[19:09:39] - files      : 27
[19:09:39] - module     : 2
[19:09:39] - component  : 9
[19:09:39] - injectable : 1
[19:09:39] - class      : 3
[19:09:39] - interface  : 3
[19:09:39] -------------------
[19:09:39] Prepare components
[19:09:39]  ButtonComponent has styleUrls, include them
[19:09:39]  HeaderComponent has styleUrls, include them
[19:09:39]  PageComponent has styleUrls, include them
[19:09:39] Prepare modules
[19:09:39] Prepare injectables
[19:09:39] Prepare classes
[19:09:39] Prepare interfaces
[19:09:39] Prepare miscellaneous
[19:09:39] Process documentation coverage report
[19:09:39] Generating documentation in export format json
[19:09:39] Documentation generated in ./ in 1.469 seconds
info => Cleaning outputDir: C:\Users\lenovo\AppData\Local\Temp\chromatic--6068-cgEp5BmjSf3r

info => Loading presets
info => Building manager..
info => Manager built (1.52 s)
info => Building preview..
info => Copying static files: E:\work\git\Storybook\taskbox\node_modules\@storybook\manager\static at C:\Users\lenovo\AppData\Local\Temp\chromatic--6068-cgEp5BmjSf3r\sb-common-assets
info Addon-docs: using MDX2
info => Using implicit CSS loaders
info => Using angular browser target options from "taskbox:build"
info => Using angular project with "tsConfig:E:\work\git\Storybook\taskbox\.storybook\tsconfig.json"
info => Using default Webpack5 setup
<s> [webpack.Progress] 0% 

<s> [webpack.Progress] 1% setup before run
<s> [webpack.Progress] 1% setup before run NodeEnvironmentPlugin
<s> [webpack.Progress] 1% setup before run
<s> [webpack.Progress] 2% setup run
<s> [webpack.Progress] 2% setup run
<s> [webpack.Progress] 4% setup normal module factory
<s> [webpack.Progress] 4% setup normal module factory CaseSensitivePathsPlugin
<s> [webpack.Progress] 4% setup normal module factory
<s> [webpack.Progress] 5% setup context module factory
<s> [webpack.Progress] 5% setup context module factory
<s> [webpack.Progress] 6% setup before compile
<s> [webpack.Progress] 6% setup before compile angular-compiler
<s> [webpack.Progress] 6% setup before compile ProgressPlugin
<s> [webpack.Progress] 6% setup before compile
<s> [webpack.Progress] 7% setup compile
<s> [webpack.Progress] 7% setup compile ExternalsPlugin
<s> [webpack.Progress] 7% setup compile ExternalsPlugin
<s> [webpack.Progress] 7% setup compile
<s> [webpack.Progress] 8% setup compilation
<s> [webpack.Progress] 8% setup compilation angular-occurrences-plugin
<s> [webpack.Progress] 8% setup compilation angular-compiler
<s> [webpack.Progress] 8% setup compilation styles-webpack-plugin
<s> [webpack.Progress] 8% setup compilation mini-css-extract-plugin
<s> [webpack.Progress] 8% setup compilation unplugin-csf
<s> [webpack.Progress] 8% setup compilation storybook-normalize-angular-entry-plugin
<s> [webpack.Progress] 8% setup compilation ArrayPushCallbackChunkFormatPlugin
<s> [webpack.Progress] 8% setup compilation JsonpChunkLoadingPlugin
<s> [webpack.Progress] 8% setup compilation StartupChunkDependenciesPlugin
<s> [webpack.Progress] 8% setup compilation ImportScriptsChunkLoadingPlugin
<s> [webpack.Progress] 8% setup compilation FetchCompileWasmPlugin
<s> [webpack.Progress] 8% setup compilation FetchCompileAsyncWasmPlugin
<s> [webpack.Progress] 8% setup compilation WorkerPlugin
<s> [webpack.Progress] 8% setup compilation SplitChunksPlugin
<s> [webpack.Progress] 8% setup compilation RuntimeChunkPlugin
<s> [webpack.Progress] 8% setup compilation ResolverCachePlugin
<s> [webpack.Progress] 8% setup compilation HtmlWebpackPlugin
<s> [webpack.Progress] 8% setup compilation
<s> [webpack.Progress] 9% setup compilation
<s> [webpack.Progress] 9% setup compilation named-chunks-plugin
<s> [webpack.Progress] 9% setup compilation DedupeModuleResolvePlugin
<s> [webpack.Progress] 9% setup compilation AnyComponentStyleBudgetChecker
<s> [webpack.Progress] 9% setup compilation mini-css-extract-plugin
<s> [webpack.Progress] 9% setup compilation SuppressExtractedTextChunks
<s> [webpack.Progress] 9% setup compilation DefinePlugin
<s> [webpack.Progress] 9% setup compilation ProvidePlugin
<s> [webpack.Progress] 9% setup compilation ProgressPlugin
<s> [webpack.Progress] 9% setup compilation ChunkPrefetchPreloadPlugin
<s> [webpack.Progress] 9% setup compilation SourceMapDevToolPlugin
<s> [webpack.Progress] 9% setup compilation JavascriptModulesPlugin
<s> [webpack.Progress] 9% setup compilation JsonModulesPlugin
<s> [webpack.Progress] 9% setup compilation AssetModulesPlugin
<s> [webpack.Progress] 9% setup compilation DynamicEntryPlugin
<s> [webpack.Progress] 9% setup compilation RuntimePlugin
<s> [webpack.Progress] 9% setup compilation InferAsyncModulesPlugin
<s> [webpack.Progress] 9% setup compilation DataUriPlugin
<s> [webpack.Progress] 9% setup compilation FileUriPlugin
<s> [webpack.Progress] 9% setup compilation CompatibilityPlugin
<s> [webpack.Progress] 9% setup compilation HarmonyModulesPlugin
<s> [webpack.Progress] 9% setup compilation AMDPlugin
<s> [webpack.Progress] 9% setup compilation RequireJsStuffPlugin
<s> [webpack.Progress] 9% setup compilation CommonJsPlugin
<s> [webpack.Progress] 9% setup compilation LoaderPlugin
<s> [webpack.Progress] 9% setup compilation LoaderPlugin
<s> [webpack.Progress] 9% setup compilation NodeStuffPlugin
<s> [webpack.Progress] 9% setup compilation APIPlugin
<s> [webpack.Progress] 9% setup compilation ExportsInfoApiPlugin
<s> [webpack.Progress] 9% setup compilation WebpackIsIncludedPlugin
<s> [webpack.Progress] 9% setup compilation ConstPlugin
<s> [webpack.Progress] 9% setup compilation UseStrictPlugin
<s> [webpack.Progress] 9% setup compilation RequireIncludePlugin
<s> [webpack.Progress] 9% setup compilation RequireEnsurePlugin
<s> [webpack.Progress] 9% setup compilation RequireContextPlugin
<s> [webpack.Progress] 9% setup compilation ImportPlugin
<s> [webpack.Progress] 9% setup compilation RequireContextPlugin
<s> [webpack.Progress] 9% setup compilation SystemPlugin
<s> [webpack.Progress] 9% setup compilation ImportMetaPlugin
<s> [webpack.Progress] 9% setup compilation URLPlugin
<s> [webpack.Progress] 9% setup compilation DefaultStatsFactoryPlugin
<s> [webpack.Progress] 9% setup compilation DefaultStatsPresetPlugin
<s> [webpack.Progress] 9% setup compilation DefaultStatsPrinterPlugin
<s> [webpack.Progress] 9% setup compilation JavascriptMetaInfoPlugin
<s> [webpack.Progress] 9% setup compilation EnsureChunkConditionsPlugin
<s> [webpack.Progress] 9% setup compilation RemoveEmptyChunksPlugin
<s> [webpack.Progress] 9% setup compilation MergeDuplicateChunksPlugin
<s> [webpack.Progress] 9% setup compilation FlagIncludedChunksPlugin
<s> [webpack.Progress] 9% setup compilation SideEffectsFlagPlugin
<s> [webpack.Progress] 9% setup compilation FlagDependencyExportsPlugin
<s> [webpack.Progress] 9% setup compilation FlagDependencyUsagePlugin
<s> [webpack.Progress] 9% setup compilation InnerGraphPlugin
<s> [webpack.Progress] 9% setup compilation MangleExportsPlugin
<s> [webpack.Progress] 9% setup compilation ModuleConcatenationPlugin
<s> [webpack.Progress] 9% setup compilation NoEmitOnErrorsPlugin
<s> [webpack.Progress] 9% setup compilation RealContentHashPlugin
<s> [webpack.Progress] 9% setup compilation WasmFinalizeExportsPlugin
<s> [webpack.Progress] 9% setup compilation NamedModuleIdsPlugin
<s> [webpack.Progress] 9% setup compilation DeterministicChunkIdsPlugin
<s> [webpack.Progress] 9% setup compilation DefinePlugin
<s> [webpack.Progress] 9% setup compilation TerserPlugin
<s> [webpack.Progress] 9% setup compilation TemplatedPathPlugin
<s> [webpack.Progress] 9% setup compilation RecordIdsPlugin
<s> [webpack.Progress] 9% setup compilation WarnCaseSensitiveModulesPlugin
<s> [webpack.Progress] 9% setup compilation IgnoreWarningsPlugin
<s> [webpack.Progress] 9% setup compilation
<s> [webpack.Progress] 10% building
<s> [webpack.Progress] 10% building 0/1 entries 0/0 dependencies 0/0 modules
<s> [webpack.Progress] 10% building import loader ./node_modules/mini-css-extract-plugin/dist/loader.js
<s> [webpack.Progress] 10% building import loader ./node_modules/css-loader/dist/cjs.js
<s> [webpack.Progress] 10% building import loader ./node_modules/postcss-loader/dist/cjs.js
<s> [webpack.Progress] 10% building 0/3 entries 1/3 dependencies 0/1 modules
<s> [webpack.Progress] 10% building import loader ./node_modules/@angular-devkit/build-angular/src/babel/webpack-loader.js
<s> [webpack.Progress] 10% building 0/3 entries 2/4 dependencies 0/2 modules
<s> [webpack.Progress] 20% building 1/3 entries 4/21 dependencies 1/4 modules
<s> [webpack.Progress] 28% building import loader ./node_modules/@ngtools/webpack/src/ivy/index.js
<s> [webpack.Progress] 28% building 1/3 entries 22/31 dependencies 4/22 modules
<s> [webpack.Progress] 28% building import loader ./node_modules/unplugin/dist/webpack/loaders/load.js
<s> [webpack.Progress] 28% building 1/3 entries 50/62 dependencies 5/41 modules
<s> [webpack.Progress] 46% building 2/3 entries 68/86 dependencies 17/46 modules
<s> [webpack.Progress] 46% building 2/3 entries 200/227 dependencies 39/92 modules
<s> [webpack.Progress] 46% building 2/3 entries 216/241 dependencies 47/96 modules
<s> [webpack.Progress] 46% building 2/3 entries 800/828 dependencies 63/461 modules
<s> [webpack.Progress] 46% building 2/3 entries 1138/1200 dependencies 79/514 modules
<s> [webpack.Progress] 46% building 2/3 entries 1686/1700 dependencies 120/592 modules
<s> [webpack.Progress] 46% building 2/3 entries 2123/2164 dependencies 300/633 modules
<s> [webpack.Progress] 46% building 2/3 entries 2400/2409 dependencies 503/756 modules
<s> [webpack.Progress] 46% building 2/3 entries 2600/2676 dependencies 602/785 modules
<s> [webpack.Progress] 50% building 2/3 entries 2858/3070 dependencies 729/900 modules
<s> [webpack.Progress] 62% building 2/3 entries 3200/3237 dependencies 1041/1083 modules
<s> [webpack.Progress] 65% building 3/3 entries 3317/3317 dependencies 1118/1118 modules
<s> [webpack.Progress] 65% building
<s> [webpack.Progress] 69% building finish
<s> [webpack.Progress] 69% building finish
<s> [webpack.Progress] 70% sealing finish module graph
<s> [webpack.Progress] 70% sealing finish module graph angular-compiler
<s> [webpack.Progress] 70% sealing finish module graph ResolverCachePlugin
<s> [webpack.Progress] 70% sealing finish module graph InferAsyncModulesPlugin
<s> [webpack.Progress] 70% sealing finish module graph FlagDependencyExportsPlugin
<s> [webpack.Progress] 70% sealing finish module graph InnerGraphPlugin
<s> [webpack.Progress] 70% sealing finish module graph WasmFinalizeExportsPlugin
<s> [webpack.Progress] 70% sealing finish module graph
<s> [webpack.Progress] 70% sealing plugins
<s> [webpack.Progress] 70% sealing plugins WarnCaseSensitiveModulesPlugin
<s> [webpack.Progress] 70% sealing plugins
<s> [webpack.Progress] 71% sealing dependencies optimization
<s> [webpack.Progress] 71% sealing dependencies optimization SideEffectsFlagPlugin
<s> [webpack.Progress] 71% sealing dependencies optimization FlagDependencyUsagePlugin
<s> [webpack.Progress] 71% sealing dependencies optimization
<s> [webpack.Progress] 71% sealing after dependencies optimization
<s> [webpack.Progress] 71% sealing after dependencies optimization
<s> [webpack.Progress] 72% sealing chunk graph
<s> [webpack.Progress] 72% sealing chunk graph
<s> [webpack.Progress] 73% sealing after chunk graph
<s> [webpack.Progress] 73% sealing after chunk graph
<s> [webpack.Progress] 73% sealing optimizing
<s> [webpack.Progress] 73% sealing optimizing
<s> [webpack.Progress] 74% sealing module optimization
<s> [webpack.Progress] 74% sealing module optimization
<s> [webpack.Progress] 75% sealing after module optimization
<s> [webpack.Progress] 75% sealing after module optimization
<s> [webpack.Progress] 75% sealing chunk optimization
<s> [webpack.Progress] 75% sealing chunk optimization EnsureChunkConditionsPlugin
<s> [webpack.Progress] 75% sealing chunk optimization RemoveEmptyChunksPlugin
<s> [webpack.Progress] 75% sealing chunk optimization MergeDuplicateChunksPlugin
<s> [webpack.Progress] 75% sealing chunk optimization SplitChunksPlugin
<s> [webpack.Progress] 75% sealing chunk optimization RemoveEmptyChunksPlugin
<s> [webpack.Progress] 75% sealing chunk optimization
<s> [webpack.Progress] 76% sealing after chunk optimization
<s> [webpack.Progress] 76% sealing after chunk optimization
<s> [webpack.Progress] 77% sealing module and chunk tree optimization
<s> [webpack.Progress] 77% sealing module and chunk tree optimization PersistentChildCompilerSingletonPlugin
<s> [webpack.Progress] 77% sealing module and chunk tree optimization
<s> [webpack.Progress] 77% sealing after module and chunk tree optimization
<s> [webpack.Progress] 77% sealing after module and chunk tree optimization
<s> [webpack.Progress] 78% sealing chunk modules optimization
<s> [webpack.Progress] 78% sealing chunk modules optimization ModuleConcatenationPlugin
<s> [webpack.Progress] 78% sealing chunk modules optimization
<s> [webpack.Progress] 78% sealing after chunk modules optimization
<s> [webpack.Progress] 78% sealing after chunk modules optimization
<s> [webpack.Progress] 79% sealing module reviving
<s> [webpack.Progress] 79% sealing module reviving RecordIdsPlugin
<s> [webpack.Progress] 79% sealing module reviving
<s> [webpack.Progress] 80% sealing before module ids
<s> [webpack.Progress] 80% sealing before module ids
<s> [webpack.Progress] 80% sealing module ids
<s> [webpack.Progress] 80% sealing module ids NamedModuleIdsPlugin
<s> [webpack.Progress] 80% sealing module ids
<s> [webpack.Progress] 81% sealing module id optimization
<s> [webpack.Progress] 81% sealing module id optimization
<s> [webpack.Progress] 82% sealing module id optimization
<s> [webpack.Progress] 82% sealing module id optimization
<s> [webpack.Progress] 82% sealing chunk reviving
<s> [webpack.Progress] 82% sealing chunk reviving RecordIdsPlugin
<s> [webpack.Progress] 82% sealing chunk reviving
<s> [webpack.Progress] 83% sealing before chunk ids
<s> [webpack.Progress] 83% sealing before chunk ids
<s> [webpack.Progress] 84% sealing chunk ids
<s> [webpack.Progress] 84% sealing chunk ids DeterministicChunkIdsPlugin
<s> [webpack.Progress] 84% sealing chunk ids
<s> [webpack.Progress] 84% sealing chunk id optimization
<s> [webpack.Progress] 84% sealing chunk id optimization FlagIncludedChunksPlugin
<s> [webpack.Progress] 84% sealing chunk id optimization
<s> [webpack.Progress] 85% sealing after chunk id optimization
<s> [webpack.Progress] 85% sealing after chunk id optimization
<s> [webpack.Progress] 86% sealing record modules
<s> [webpack.Progress] 86% sealing record modules RecordIdsPlugin
<s> [webpack.Progress] 86% sealing record modules
<s> [webpack.Progress] 86% sealing record chunks
<s> [webpack.Progress] 86% sealing record chunks RecordIdsPlugin
<s> [webpack.Progress] 86% sealing record chunks
<s> [webpack.Progress] 87% sealing module hashing
<s> [webpack.Progress] 87% sealing module hashing
<s> [webpack.Progress] 87% sealing code generation
<s> [webpack.Progress] 87% sealing code generation
<s> [webpack.Progress] 88% sealing runtime requirements
<s> [webpack.Progress] 88% sealing runtime requirements
<s> [webpack.Progress] 89% sealing hashing
<s> [webpack.Progress] 89% sealing hashing
<s> [webpack.Progress] 89% sealing after hashing
<s> [webpack.Progress] 89% sealing after hashing
<s> [webpack.Progress] 90% sealing record hash
<s> [webpack.Progress] 90% sealing record hash
<s> [webpack.Progress] 91% sealing module assets processing
<s> [webpack.Progress] 91% sealing module assets processing
<s> [webpack.Progress] 91% sealing chunk assets processing
<s> [webpack.Progress] 91% sealing chunk assets processing
<s> [webpack.Progress] 92% sealing asset processing
<s> [webpack.Progress] 92% sealing asset processing PersistentChildCompilerSingletonPlugin
<s> [webpack.Progress] 92% sealing asset processing TerserPlugin
<s> [webpack.Progress] 92% sealing asset processing SourceMapDevToolPlugin
<s> [webpack.Progress] 92% sealing asset processing SourceMapDevToolPlugin
<s> [webpack.Progress] 92% sealing asset processing SourceMapDevToolPlugin main.9fbcbd82f52d2133dd88.css generate SourceMap
<s> [webpack.Progress] 92% sealing asset processing SourceMapDevToolPlugin main.9fbcbd82f52d2133dd88.css generated SourceMap
<s> [webpack.Progress] 92% sealing asset processing SourceMapDevToolPlugin main.654e7454.iframe.bundle.js generate SourceMap
<s> [webpack.Progress] 92% sealing asset processing SourceMapDevToolPlugin main.654e7454.iframe.bundle.js generated SourceMap
<s> [webpack.Progress] 92% sealing asset processing SourceMapDevToolPlugin runtime~main.ff2fbe02.iframe.bundle.js generate SourceMap
<s> [webpack.Progress] 92% sealing asset processing SourceMapDevToolPlugin runtime~main.ff2fbe02.iframe.bundle.js generated SourceMap
<s> [webpack.Progress] 92% sealing asset processing SourceMapDevToolPlugin pure-inbox-screen-stories.16073fcd.iframe.bundle.js generate SourceMap
<s> [webpack.Progress] 92% sealing asset processing SourceMapDevToolPlugin pure-inbox-screen-stories.16073fcd.iframe.bundle.js generated SourceMap
<s> [webpack.Progress] 92% sealing asset processing SourceMapDevToolPlugin pure-task-list-stories.bdf5b324.iframe.bundle.js generate SourceMap
<s> [webpack.Progress] 92% sealing asset processing SourceMapDevToolPlugin pure-task-list-stories.bdf5b324.iframe.bundle.js generated SourceMap
<s> [webpack.Progress] 92% sealing asset processing SourceMapDevToolPlugin task-list-stories.22e8747a.iframe.bundle.js generate SourceMap
<s> [webpack.Progress] 92% sealing asset processing SourceMapDevToolPlugin task-list-stories.22e8747a.iframe.bundle.js generated SourceMap
<s> [webpack.Progress] 92% sealing asset processing SourceMapDevToolPlugin task-stories.e70e7a3b.iframe.bundle.js generate SourceMap
<s> [webpack.Progress] 92% sealing asset processing SourceMapDevToolPlugin task-stories.e70e7a3b.iframe.bundle.js generated SourceMap
<s> [webpack.Progress] 92% sealing asset processing SourceMapDevToolPlugin 925.9cad7bbf.iframe.bundle.js generate SourceMap
<s> [webpack.Progress] 92% sealing asset processing SourceMapDevToolPlugin 925.9cad7bbf.iframe.bundle.js generated SourceMap
<s> [webpack.Progress] 92% sealing asset processing SourceMapDevToolPlugin 69.d9680f10.iframe.bundle.js generate SourceMap
<s> [webpack.Progress] 92% sealing asset processing SourceMapDevToolPlugin 69.d9680f10.iframe.bundle.js generated SourceMap
<s> [webpack.Progress] 92% sealing asset processing SourceMapDevToolPlugin 415.94f22478.iframe.bundle.js generate SourceMap
<s> [webpack.Progress] 92% sealing asset processing SourceMapDevToolPlugin 415.94f22478.iframe.bundle.js generated SourceMap
<s> [webpack.Progress] 92% sealing asset processing SourceMapDevToolPlugin 774.11b8f16e.iframe.bundle.js generate SourceMap
<s> [webpack.Progress] 92% sealing asset processing SourceMapDevToolPlugin 774.11b8f16e.iframe.bundle.js generated SourceMap
<s> [webpack.Progress] 92% sealing asset processing SourceMapDevToolPlugin 657.5a0768b4.iframe.bundle.js generate SourceMap
<s> [webpack.Progress] 92% sealing asset processing SourceMapDevToolPlugin 657.5a0768b4.iframe.bundle.js generated SourceMap
<s> [webpack.Progress] 92% sealing asset processing SourceMapDevToolPlugin 103.67a4cac8.iframe.bundle.js generate SourceMap
<s> [webpack.Progress] 92% sealing asset processing SourceMapDevToolPlugin 103.67a4cac8.iframe.bundle.js generated SourceMap
<s> [webpack.Progress] 92% sealing asset processing SourceMapDevToolPlugin 117.1a110eb2.iframe.bundle.js generate SourceMap
<s> [webpack.Progress] 92% sealing asset processing SourceMapDevToolPlugin 117.1a110eb2.iframe.bundle.js generated SourceMap
<s> [webpack.Progress] 92% sealing asset processing SourceMapDevToolPlugin 333.257be21c.iframe.bundle.js generate SourceMap
<s> [webpack.Progress] 92% sealing asset processing SourceMapDevToolPlugin 333.257be21c.iframe.bundle.js generated SourceMap
<s> [webpack.Progress] 92% sealing asset processing SourceMapDevToolPlugin 608.fcc27669.iframe.bundle.js generate SourceMap
<s> [webpack.Progress] 92% sealing asset processing SourceMapDevToolPlugin 608.fcc27669.iframe.bundle.js generated SourceMap
<s> [webpack.Progress] 92% sealing asset processing SourceMapDevToolPlugin 493.33f3873e.iframe.bundle.js generate SourceMap
<s> [webpack.Progress] 92% sealing asset processing SourceMapDevToolPlugin 493.33f3873e.iframe.bundle.js generated SourceMap
<s> [webpack.Progress] 92% sealing asset processing SourceMapDevToolPlugin resolve sources
<s> [webpack.Progress] 92% sealing asset processing SourceMapDevToolPlugin 925.9cad7bbf.iframe.bundle.js attach SourceMap
<s> [webpack.Progress] 92% sealing asset processing SourceMapDevToolPlugin 925.9cad7bbf.iframe.bundle.js attached SourceMap
<s> [webpack.Progress] 92% sealing asset processing SourceMapDevToolPlugin 103.67a4cac8.iframe.bundle.js attach SourceMap
<s> [webpack.Progress] 92% sealing asset processing SourceMapDevToolPlugin 103.67a4cac8.iframe.bundle.js attached SourceMap
<s> [webpack.Progress] 92% sealing asset processing SourceMapDevToolPlugin 608.fcc27669.iframe.bundle.js attach SourceMap
<s> [webpack.Progress] 92% sealing asset processing SourceMapDevToolPlugin 608.fcc27669.iframe.bundle.js attached SourceMap
<s> [webpack.Progress] 92% sealing asset processing SourceMapDevToolPlugin
<s> [webpack.Progress] 92% sealing asset processing SourceMapDevToolPlugin
<s> [webpack.Progress] 92% sealing asset processing SourceMapDevToolPlugin resolve sources
<s> [webpack.Progress] 92% sealing asset processing SourceMapDevToolPlugin
<s> [webpack.Progress] 92% sealing asset processing HtmlWebpackPlugin
<s> [webpack.Progress] 92% sealing asset processing HtmlWebpackPlugin
<s> [webpack.Progress] 92% sealing asset processing HtmlWebpackPlugin resolve sources
<s> [webpack.Progress] 92% sealing asset processing HtmlWebpackPlugin
<s> [webpack.Progress] 92% sealing asset processing RealContentHashPlugin
<s> [webpack.Progress] 92% sealing asset processing RealContentHashPlugin
<s> [webpack.Progress] 92% sealing asset processing RealContentHashPlugin main.78c585731dd80640119c.css generate SourceMap
<s> [webpack.Progress] 92% sealing asset processing RealContentHashPlugin main.78c585731dd80640119c.css generated SourceMap
<s> [webpack.Progress] 92% sealing asset processing RealContentHashPlugin main.562b2639.iframe.bundle.js generate SourceMap
<s> [webpack.Progress] 92% sealing asset processing RealContentHashPlugin main.562b2639.iframe.bundle.js generated SourceMap
<s> [webpack.Progress] 92% sealing asset processing RealContentHashPlugin runtime~main.23621bd9.iframe.bundle.js generate SourceMap
<s> [webpack.Progress] 92% sealing asset processing RealContentHashPlugin runtime~main.23621bd9.iframe.bundle.js generated SourceMap
<s> [webpack.Progress] 92% sealing asset processing RealContentHashPlugin pure-inbox-screen-stories.50c78d49.iframe.bundle.js generate SourceMap
<s> [webpack.Progress] 92% sealing asset processing RealContentHashPlugin pure-inbox-screen-stories.50c78d49.iframe.bundle.js generated SourceMap
<s> [webpack.Progress] 92% sealing asset processing RealContentHashPlugin pure-task-list-stories.958bd148.iframe.bundle.js generate SourceMap
<s> [webpack.Progress] 92% sealing asset processing RealContentHashPlugin pure-task-list-stories.958bd148.iframe.bundle.js generated SourceMap
<s> [webpack.Progress] 92% sealing asset processing RealContentHashPlugin task-list-stories.977ebca1.iframe.bundle.js generate SourceMap
<s> [webpack.Progress] 92% sealing asset processing RealContentHashPlugin task-list-stories.977ebca1.iframe.bundle.js generated SourceMap
<s> [webpack.Progress] 92% sealing asset processing RealContentHashPlugin task-stories.d88eb1ed.iframe.bundle.js generate SourceMap
<s> [webpack.Progress] 92% sealing asset processing RealContentHashPlugin task-stories.d88eb1ed.iframe.bundle.js generated SourceMap
<s> [webpack.Progress] 92% sealing asset processing RealContentHashPlugin 415.722182c8.iframe.bundle.js generate SourceMap
<s> [webpack.Progress] 92% sealing asset processing RealContentHashPlugin 415.722182c8.iframe.bundle.js generated SourceMap
<s> [webpack.Progress] 92% sealing asset processing RealContentHashPlugin 774.461936ae.iframe.bundle.js generate SourceMap
<s> [webpack.Progress] 92% sealing asset processing RealContentHashPlugin 774.461936ae.iframe.bundle.js generated SourceMap
<s> [webpack.Progress] 92% sealing asset processing RealContentHashPlugin 657.56eeb576.iframe.bundle.js generate SourceMap
<s> [webpack.Progress] 92% sealing asset processing RealContentHashPlugin 657.56eeb576.iframe.bundle.js generated SourceMap
<s> [webpack.Progress] 92% sealing asset processing RealContentHashPlugin 117.001ba4b0.iframe.bundle.js generate SourceMap
<s> [webpack.Progress] 92% sealing asset processing RealContentHashPlugin 117.001ba4b0.iframe.bundle.js generated SourceMap
<s> [webpack.Progress] 92% sealing asset processing RealContentHashPlugin 333.75aa0f68.iframe.bundle.js generate SourceMap
<s> [webpack.Progress] 92% sealing asset processing RealContentHashPlugin 333.75aa0f68.iframe.bundle.js generated SourceMap
<s> [webpack.Progress] 92% sealing asset processing RealContentHashPlugin 69.e6f0f472.iframe.bundle.js generate SourceMap
<s> [webpack.Progress] 92% sealing asset processing RealContentHashPlugin 69.e6f0f472.iframe.bundle.js generated SourceMap
<s> [webpack.Progress] 92% sealing asset processing RealContentHashPlugin 493.d2e09822.iframe.bundle.js generate SourceMap
<s> [webpack.Progress] 92% sealing asset processing RealContentHashPlugin 493.d2e09822.iframe.bundle.js generated SourceMap
<s> [webpack.Progress] 92% sealing asset processing RealContentHashPlugin resolve sources
<s> [webpack.Progress] 92% sealing asset processing RealContentHashPlugin
<s> [webpack.Progress] 92% sealing asset processing angular-occurrences-plugin
<s> [webpack.Progress] 92% sealing asset processing AnyComponentStyleBudgetChecker
<s> [webpack.Progress] 92% sealing asset processing
<s> [webpack.Progress] 93% sealing after asset optimization
<s> [webpack.Progress] 93% sealing after asset optimization
<s> [webpack.Progress] 93% sealing recording
<s> [webpack.Progress] 93% sealing recording
<s> [webpack.Progress] 94% sealing after seal
<s> [webpack.Progress] 94% sealing after seal
<s> [webpack.Progress] 95% emitting emit
<s> [webpack.Progress] 95% emitting emit
<s> [webpack.Progress] 98% emitting after emit
<s> [webpack.Progress] 98% emitting after emit SizeLimitsPlugin
<s> [webpack.Progress] 98% emitting after emit
<s> [webpack.Progress] 99% done plugins
<s> [webpack.Progress] 99% done plugins CaseSensitivePathsPlugin
<s> [webpack.Progress] 99% done plugins
<s> [webpack.Progress] 99% 

<s> [webpack.Progress] 99% cache store build dependencies
<s> [webpack.Progress] 99% cache store build dependencies
<s> [webpack.Progress] 99% cache begin idle
<s> [webpack.Progress] 99% cache begin idle
<s> [webpack.Progress] 100% 

WARN E:/work/git/Storybook/taskbox/src/app/app.component.ts is part of the TypeScript compilation but it's unused.
WARN Add only entry points to the 'files' or 'include' properties in your tsconfig.
WARN E:/work/git/Storybook/taskbox/src/app/app.module.ts is part of the TypeScript compilation but it's unused.
WARN Add only entry points to the 'files' or 'include' properties in your tsconfig.
WARN E:/work/git/Storybook/taskbox/src/app/components/inbox-screen.component.ts is part of the TypeScript compilation but it's unused.
WARN Add only entry points to the 'files' or 'include' properties in your tsconfig.
WARN E:/work/git/Storybook/taskbox/src/environments/environment.prod.ts is part of the TypeScript compilation but it's unused.
WARN Add only entry points to the 'files' or 'include' properties in your tsconfig.
WARN E:/work/git/Storybook/taskbox/src/environments/environment.ts is part of the TypeScript compilation but it's unused.
WARN Add only entry points to the 'files' or 'include' properties in your tsconfig.
WARN E:/work/git/Storybook/taskbox/src/main.ts is part of the TypeScript compilation but it's unused.
WARN Add only entry points to the 'files' or 'include' properties in your tsconfig.
WARN E:/work/git/Storybook/taskbox/src/polyfills.ts is part of the TypeScript compilation but it's unused.
WARN Add only entry points to the 'files' or 'include' properties in your tsconfig.
WARN E:/work/git/Storybook/taskbox/src/stories/Button.stories.ts is part of the TypeScript compilation but it's unused.
WARN Add only entry points to the 'files' or 'include' properties in your tsconfig.
WARN E:/work/git/Storybook/taskbox/src/stories/Header.stories.ts is part of the TypeScript compilation but it's unused.
WARN Add only entry points to the 'files' or 'include' properties in your tsconfig.
WARN E:/work/git/Storybook/taskbox/src/stories/Page.stories.ts is part of the TypeScript compilation but it's unused.
WARN Add only entry points to the 'files' or 'include' properties in your tsconfig.
WARN E:/work/git/Storybook/taskbox/src/stories/User.ts is part of the TypeScript compilation but it's unused.
WARN Add only entry points to the 'files' or 'include' properties in your tsconfig.
WARN E:/work/git/Storybook/taskbox/src/stories/button.component.ts is part of the TypeScript compilation but it's unused.
WARN Add only entry points to the 'files' or 'include' properties in your tsconfig.
WARN E:/work/git/Storybook/taskbox/src/stories/header.component.ts is part of the TypeScript compilation but it's unused.
WARN Add only entry points to the 'files' or 'include' properties in your tsconfig.
WARN E:/work/git/Storybook/taskbox/src/stories/page.component.ts is part of the TypeScript compilation but it's unused.
WARN Add only entry points to the 'files' or 'include' properties in your tsconfig.
WARN asset size limit: The following asset(s) exceed the recommended size limit (244 KiB).
WARN This can impact web performance.
WARN Assets: 
WARN   925.39ece444.iframe.bundle.js (814 KiB)
WARN   69.e6f0f472.iframe.bundle.js (737 KiB)
WARN   103.cdca7f04.iframe.bundle.js (583 KiB)
WARN   608.007bcbb4.iframe.bundle.js (1.95 MiB)
WARN   493.d2e09822.iframe.bundle.js (394 KiB)
WARN entrypoint size limit: The following entrypoint(s) combined asset size exceeds the recommended limit (244 KiB). This can impact web performance.
WARN Entrypoints:
WARN   main (2.07 MiB)
WARN       runtime~main.23621bd9.iframe.bundle.js
WARN       608.007bcbb4.iframe.bundle.js
WARN       main.78c585731dd80640119c.css
WARN       main.562b2639.iframe.bundle.js
WARN 
<s> [webpack.Progress] 99% cache shutdown
<s> [webpack.Progress] 99% cache shutdown
<s> [webpack.Progress] 100% 

info => Preview built (53 s)
info => Output directory: C:\Users\lenovo\AppData\Local\Temp\chromatic--6068-cgEp5BmjSf3r
